{"total": {"lines":{"total":1206,"covered":79,"skipped":0,"pct":6.55},"statements":{"total":1327,"covered":80,"skipped":0,"pct":6.02},"functions":{"total":382,"covered":16,"skipped":0,"pct":4.18},"branches":{"total":313,"covered":20,"skipped":0,"pct":6.38},"branchesTrue":{"total":0,"covered":0,"skipped":0,"pct":100}}
,"C:\\Users\\amoles\\Desktop\\listaCompra_Project\\listaCompra_frontend_web\\src\\features\\admin\\hooks\\use-admin-users.ts": {"lines":{"total":44,"covered":0,"skipped":0,"pct":0},"functions":{"total":21,"covered":0,"skipped":0,"pct":0},"statements":{"total":53,"covered":0,"skipped":0,"pct":0},"branches":{"total":8,"covered":0,"skipped":0,"pct":0}}
,"C:\\Users\\amoles\\Desktop\\listaCompra_Project\\listaCompra_frontend_web\\src\\features\\admin\\services\\admin-service.ts": {"lines":{"total":28,"covered":0,"skipped":0,"pct":0},"functions":{"total":9,"covered":0,"skipped":0,"pct":0},"statements":{"total":38,"covered":0,"skipped":0,"pct":0},"branches":{"total":6,"covered":0,"skipped":0,"pct":0}}
,"C:\\Users\\amoles\\Desktop\\listaCompra_Project\\listaCompra_frontend_web\\src\\features\\ai\\hooks\\use-ai.ts": {"lines":{"total":33,"covered":0,"skipped":0,"pct":0},"functions":{"total":20,"covered":0,"skipped":0,"pct":0},"statements":{"total":42,"covered":0,"skipped":0,"pct":0},"branches":{"total":10,"covered":0,"skipped":0,"pct":0}}
,"C:\\Users\\amoles\\Desktop\\listaCompra_Project\\listaCompra_frontend_web\\src\\features\\ai\\services\\ai-service.ts": {"lines":{"total":26,"covered":0,"skipped":0,"pct":0},"functions":{"total":8,"covered":0,"skipped":0,"pct":0},"statements":{"total":35,"covered":0,"skipped":0,"pct":0},"branches":{"total":0,"covered":0,"skipped":0,"pct":100}}
,"C:\\Users\\amoles\\Desktop\\listaCompra_Project\\listaCompra_frontend_web\\src\\features\\auth\\components\\change-password-form.tsx": {"lines":{"total":1,"covered":0,"skipped":0,"pct":0},"functions":{"total":1,"covered":0,"skipped":0,"pct":0},"statements":{"total":1,"covered":0,"skipped":0,"pct":0},"branches":{"total":0,"covered":0,"skipped":0,"pct":100}}
,"C:\\Users\\amoles\\Desktop\\listaCompra_Project\\listaCompra_frontend_web\\src\\features\\auth\\components\\forgot-password-form.tsx": {"lines":{"total":43,"covered":0,"skipped":0,"pct":0},"functions":{"total":7,"covered":0,"skipped":0,"pct":0},"statements":{"total":44,"covered":0,"skipped":0,"pct":0},"branches":{"total":21,"covered":0,"skipped":0,"pct":0}}
,"C:\\Users\\amoles\\Desktop\\listaCompra_Project\\listaCompra_frontend_web\\src\\features\\auth\\components\\login-form.tsx": {"lines":{"total":58,"covered":0,"skipped":0,"pct":0},"functions":{"total":8,"covered":0,"skipped":0,"pct":0},"statements":{"total":59,"covered":0,"skipped":0,"pct":0},"branches":{"total":47,"covered":0,"skipped":0,"pct":0}}
,"C:\\Users\\amoles\\Desktop\\listaCompra_Project\\listaCompra_frontend_web\\src\\features\\auth\\components\\profile-form.tsx": {"lines":{"total":27,"covered":0,"skipped":0,"pct":0},"functions":{"total":4,"covered":0,"skipped":0,"pct":0},"statements":{"total":27,"covered":0,"skipped":0,"pct":0},"branches":{"total":15,"covered":0,"skipped":0,"pct":0}}
,"C:\\Users\\amoles\\Desktop\\listaCompra_Project\\listaCompra_frontend_web\\src\\features\\auth\\components\\register-form.tsx": {"lines":{"total":49,"covered":0,"skipped":0,"pct":0},"functions":{"total":9,"covered":0,"skipped":0,"pct":0},"statements":{"total":50,"covered":0,"skipped":0,"pct":0},"branches":{"total":47,"covered":0,"skipped":0,"pct":0}}
,"C:\\Users\\amoles\\Desktop\\listaCompra_Project\\listaCompra_frontend_web\\src\\features\\auth\\components\\__tests__\\change-password-form.test.tsx": {"lines":{"total":32,"covered":0,"skipped":0,"pct":0},"functions":{"total":10,"covered":0,"skipped":0,"pct":0},"statements":{"total":32,"covered":0,"skipped":0,"pct":0},"branches":{"total":0,"covered":0,"skipped":0,"pct":100}}
,"C:\\Users\\amoles\\Desktop\\listaCompra_Project\\listaCompra_frontend_web\\src\\features\\auth\\components\\__tests__\\forgot-password-form.test.tsx": {"lines":{"total":26,"covered":0,"skipped":0,"pct":0},"functions":{"total":9,"covered":0,"skipped":0,"pct":0},"statements":{"total":26,"covered":0,"skipped":0,"pct":0},"branches":{"total":0,"covered":0,"skipped":0,"pct":100}}
,"C:\\Users\\amoles\\Desktop\\listaCompra_Project\\listaCompra_frontend_web\\src\\features\\auth\\components\\__tests__\\login-form.test.tsx": {"lines":{"total":44,"covered":0,"skipped":0,"pct":0},"functions":{"total":12,"covered":0,"skipped":0,"pct":0},"statements":{"total":45,"covered":0,"skipped":0,"pct":0},"branches":{"total":0,"covered":0,"skipped":0,"pct":100}}
,"C:\\Users\\amoles\\Desktop\\listaCompra_Project\\listaCompra_frontend_web\\src\\features\\auth\\components\\__tests__\\profile-form.test.tsx": {"lines":{"total":38,"covered":0,"skipped":0,"pct":0},"functions":{"total":13,"covered":0,"skipped":0,"pct":0},"statements":{"total":39,"covered":0,"skipped":0,"pct":0},"branches":{"total":0,"covered":0,"skipped":0,"pct":100}}
,"C:\\Users\\amoles\\Desktop\\listaCompra_Project\\listaCompra_frontend_web\\src\\features\\auth\\components\\__tests__\\register-form.test.tsx": {"lines":{"total":40,"covered":0,"skipped":0,"pct":0},"functions":{"total":12,"covered":0,"skipped":0,"pct":0},"statements":{"total":41,"covered":0,"skipped":0,"pct":0},"branches":{"total":0,"covered":0,"skipped":0,"pct":100}}
,"C:\\Users\\amoles\\Desktop\\listaCompra_Project\\listaCompra_frontend_web\\src\\features\\auth\\components\\session\\session-status.tsx": {"lines":{"total":8,"covered":0,"skipped":0,"pct":0},"functions":{"total":2,"covered":0,"skipped":0,"pct":0},"statements":{"total":8,"covered":0,"skipped":0,"pct":0},"branches":{"total":4,"covered":0,"skipped":0,"pct":0}}
,"C:\\Users\\amoles\\Desktop\\listaCompra_Project\\listaCompra_frontend_web\\src\\features\\auth\\components\\session\\__tests__\\session-status.test.tsx": {"lines":{"total":22,"covered":0,"skipped":0,"pct":0},"functions":{"total":4,"covered":0,"skipped":0,"pct":0},"statements":{"total":22,"covered":0,"skipped":0,"pct":0},"branches":{"total":0,"covered":0,"skipped":0,"pct":100}}
,"C:\\Users\\amoles\\Desktop\\listaCompra_Project\\listaCompra_frontend_web\\src\\features\\auth\\hooks\\use-profile.ts": {"lines":{"total":17,"covered":0,"skipped":0,"pct":0},"functions":{"total":6,"covered":0,"skipped":0,"pct":0},"statements":{"total":17,"covered":0,"skipped":0,"pct":0},"branches":{"total":0,"covered":0,"skipped":0,"pct":100}}
,"C:\\Users\\amoles\\Desktop\\listaCompra_Project\\listaCompra_frontend_web\\src\\features\\auth\\services\\auth-service.ts": {"lines":{"total":61,"covered":60,"skipped":0,"pct":98.36},"functions":{"total":10,"covered":10,"skipped":0,"pct":100},"statements":{"total":61,"covered":60,"skipped":0,"pct":98.36},"branches":{"total":24,"covered":18,"skipped":0,"pct":75}}
,"C:\\Users\\amoles\\Desktop\\listaCompra_Project\\listaCompra_frontend_web\\src\\features\\auth\\validators\\password-schema.ts": {"lines":{"total":6,"covered":0,"skipped":0,"pct":0},"functions":{"total":2,"covered":0,"skipped":0,"pct":0},"statements":{"total":8,"covered":0,"skipped":0,"pct":0},"branches":{"total":0,"covered":0,"skipped":0,"pct":100}}
,"C:\\Users\\amoles\\Desktop\\listaCompra_Project\\listaCompra_frontend_web\\src\\features\\auth\\validators\\profile-schema.ts": {"lines":{"total":2,"covered":0,"skipped":0,"pct":0},"functions":{"total":0,"covered":0,"skipped":0,"pct":100},"statements":{"total":3,"covered":0,"skipped":0,"pct":0},"branches":{"total":0,"covered":0,"skipped":0,"pct":100}}
,"C:\\Users\\amoles\\Desktop\\listaCompra_Project\\listaCompra_frontend_web\\src\\features\\auth\\validators\\schemas.ts": {"lines":{"total":7,"covered":0,"skipped":0,"pct":0},"functions":{"total":1,"covered":0,"skipped":0,"pct":0},"statements":{"total":10,"covered":0,"skipped":0,"pct":0},"branches":{"total":0,"covered":0,"skipped":0,"pct":100}}
,"C:\\Users\\amoles\\Desktop\\listaCompra_Project\\listaCompra_frontend_web\\src\\features\\blueprints\\hooks\\use-blueprints.ts": {"lines":{"total":45,"covered":0,"skipped":0,"pct":0},"functions":{"total":24,"covered":0,"skipped":0,"pct":0},"statements":{"total":52,"covered":0,"skipped":0,"pct":0},"branches":{"total":0,"covered":0,"skipped":0,"pct":100}}
,"C:\\Users\\amoles\\Desktop\\listaCompra_Project\\listaCompra_frontend_web\\src\\features\\blueprints\\services\\blueprint-service.ts": {"lines":{"total":30,"covered":0,"skipped":0,"pct":0},"functions":{"total":8,"covered":0,"skipped":0,"pct":0},"statements":{"total":37,"covered":0,"skipped":0,"pct":0},"branches":{"total":17,"covered":0,"skipped":0,"pct":0}}
,"C:\\Users\\amoles\\Desktop\\listaCompra_Project\\listaCompra_frontend_web\\src\\features\\categories\\hooks\\use-categories.ts": {"lines":{"total":28,"covered":0,"skipped":0,"pct":0},"functions":{"total":14,"covered":0,"skipped":0,"pct":0},"statements":{"total":35,"covered":0,"skipped":0,"pct":0},"branches":{"total":0,"covered":0,"skipped":0,"pct":100}}
,"C:\\Users\\amoles\\Desktop\\listaCompra_Project\\listaCompra_frontend_web\\src\\features\\categories\\services\\category-service.ts": {"lines":{"total":25,"covered":0,"skipped":0,"pct":0},"functions":{"total":7,"covered":0,"skipped":0,"pct":0},"statements":{"total":26,"covered":0,"skipped":0,"pct":0},"branches":{"total":0,"covered":0,"skipped":0,"pct":100}}
,"C:\\Users\\amoles\\Desktop\\listaCompra_Project\\listaCompra_frontend_web\\src\\features\\invitations\\hooks\\index.ts": {"lines":{"total":2,"covered":0,"skipped":0,"pct":0},"functions":{"total":0,"covered":0,"skipped":0,"pct":100},"statements":{"total":2,"covered":0,"skipped":0,"pct":0},"branches":{"total":0,"covered":0,"skipped":0,"pct":100}}
,"C:\\Users\\amoles\\Desktop\\listaCompra_Project\\listaCompra_frontend_web\\src\\features\\invitations\\hooks\\use-collaborators.ts": {"lines":{"total":5,"covered":0,"skipped":0,"pct":0},"functions":{"total":2,"covered":0,"skipped":0,"pct":0},"statements":{"total":6,"covered":0,"skipped":0,"pct":0},"branches":{"total":0,"covered":0,"skipped":0,"pct":100}}
,"C:\\Users\\amoles\\Desktop\\listaCompra_Project\\listaCompra_frontend_web\\src\\features\\invitations\\hooks\\use-invitation-by-hash.ts": {"lines":{"total":5,"covered":0,"skipped":0,"pct":0},"functions":{"total":2,"covered":0,"skipped":0,"pct":0},"statements":{"total":6,"covered":0,"skipped":0,"pct":0},"branches":{"total":0,"covered":0,"skipped":0,"pct":100}}
,"C:\\Users\\amoles\\Desktop\\listaCompra_Project\\listaCompra_frontend_web\\src\\features\\invitations\\hooks\\use-invitations.ts": {"lines":{"total":26,"covered":0,"skipped":0,"pct":0},"functions":{"total":14,"covered":0,"skipped":0,"pct":0},"statements":{"total":32,"covered":0,"skipped":0,"pct":0},"branches":{"total":2,"covered":0,"skipped":0,"pct":0}}
,"C:\\Users\\amoles\\Desktop\\listaCompra_Project\\listaCompra_frontend_web\\src\\features\\invitations\\hooks\\use-revoke-access.ts": {"lines":{"total":11,"covered":0,"skipped":0,"pct":0},"functions":{"total":4,"covered":0,"skipped":0,"pct":0},"statements":{"total":12,"covered":0,"skipped":0,"pct":0},"branches":{"total":2,"covered":0,"skipped":0,"pct":0}}
,"C:\\Users\\amoles\\Desktop\\listaCompra_Project\\listaCompra_frontend_web\\src\\features\\invitations\\hooks\\use-share-list.ts": {"lines":{"total":7,"covered":0,"skipped":0,"pct":0},"functions":{"total":3,"covered":0,"skipped":0,"pct":0},"statements":{"total":8,"covered":0,"skipped":0,"pct":0},"branches":{"total":0,"covered":0,"skipped":0,"pct":100}}
,"C:\\Users\\amoles\\Desktop\\listaCompra_Project\\listaCompra_frontend_web\\src\\features\\invitations\\hooks\\use-update-permissions.ts": {"lines":{"total":11,"covered":0,"skipped":0,"pct":0},"functions":{"total":4,"covered":0,"skipped":0,"pct":0},"statements":{"total":12,"covered":0,"skipped":0,"pct":0},"branches":{"total":2,"covered":0,"skipped":0,"pct":0}}
,"C:\\Users\\amoles\\Desktop\\listaCompra_Project\\listaCompra_frontend_web\\src\\features\\invitations\\services\\invitation-service.ts": {"lines":{"total":24,"covered":0,"skipped":0,"pct":0},"functions":{"total":9,"covered":0,"skipped":0,"pct":0},"statements":{"total":26,"covered":0,"skipped":0,"pct":0},"branches":{"total":1,"covered":0,"skipped":0,"pct":0}}
,"C:\\Users\\amoles\\Desktop\\listaCompra_Project\\listaCompra_frontend_web\\src\\features\\lists\\hooks\\use-collaboration.ts": {"lines":{"total":19,"covered":0,"skipped":0,"pct":0},"functions":{"total":7,"covered":0,"skipped":0,"pct":0},"statements":{"total":19,"covered":0,"skipped":0,"pct":0},"branches":{"total":1,"covered":0,"skipped":0,"pct":0}}
,"C:\\Users\\amoles\\Desktop\\listaCompra_Project\\listaCompra_frontend_web\\src\\features\\lists\\hooks\\use-collaborators.ts": {"lines":{"total":16,"covered":0,"skipped":0,"pct":0},"functions":{"total":8,"covered":0,"skipped":0,"pct":0},"statements":{"total":19,"covered":0,"skipped":0,"pct":0},"branches":{"total":0,"covered":0,"skipped":0,"pct":100}}
,"C:\\Users\\amoles\\Desktop\\listaCompra_Project\\listaCompra_frontend_web\\src\\features\\lists\\hooks\\use-lists.ts": {"lines":{"total":29,"covered":0,"skipped":0,"pct":0},"functions":{"total":15,"covered":0,"skipped":0,"pct":0},"statements":{"total":35,"covered":0,"skipped":0,"pct":0},"branches":{"total":2,"covered":0,"skipped":0,"pct":0}}
,"C:\\Users\\amoles\\Desktop\\listaCompra_Project\\listaCompra_frontend_web\\src\\features\\lists\\hooks\\use-permissions.ts": {"lines":{"total":37,"covered":0,"skipped":0,"pct":0},"functions":{"total":10,"covered":0,"skipped":0,"pct":0},"statements":{"total":43,"covered":0,"skipped":0,"pct":0},"branches":{"total":18,"covered":0,"skipped":0,"pct":0}}
,"C:\\Users\\amoles\\Desktop\\listaCompra_Project\\listaCompra_frontend_web\\src\\features\\lists\\services\\collaborator-service.ts": {"lines":{"total":10,"covered":0,"skipped":0,"pct":0},"functions":{"total":3,"covered":0,"skipped":0,"pct":0},"statements":{"total":11,"covered":0,"skipped":0,"pct":0},"branches":{"total":0,"covered":0,"skipped":0,"pct":100}}
,"C:\\Users\\amoles\\Desktop\\listaCompra_Project\\listaCompra_frontend_web\\src\\features\\lists\\services\\list-service.ts": {"lines":{"total":19,"covered":19,"skipped":0,"pct":100},"functions":{"total":6,"covered":6,"skipped":0,"pct":100},"statements":{"total":20,"covered":20,"skipped":0,"pct":100},"branches":{"total":2,"covered":2,"skipped":0,"pct":100}}
,"C:\\Users\\amoles\\Desktop\\listaCompra_Project\\listaCompra_frontend_web\\src\\features\\notifications\\hooks\\use-notifications.ts": {"lines":{"total":18,"covered":0,"skipped":0,"pct":0},"functions":{"total":8,"covered":0,"skipped":0,"pct":0},"statements":{"total":20,"covered":0,"skipped":0,"pct":0},"branches":{"total":6,"covered":0,"skipped":0,"pct":0}}
,"C:\\Users\\amoles\\Desktop\\listaCompra_Project\\listaCompra_frontend_web\\src\\features\\notifications\\services\\notification-service.ts": {"lines":{"total":7,"covered":0,"skipped":0,"pct":0},"functions":{"total":3,"covered":0,"skipped":0,"pct":0},"statements":{"total":8,"covered":0,"skipped":0,"pct":0},"branches":{"total":2,"covered":0,"skipped":0,"pct":0}}
,"C:\\Users\\amoles\\Desktop\\listaCompra_Project\\listaCompra_frontend_web\\src\\features\\products\\hooks\\use-products.ts": {"lines":{"total":79,"covered":0,"skipped":0,"pct":0},"functions":{"total":32,"covered":0,"skipped":0,"pct":0},"statements":{"total":88,"covered":0,"skipped":0,"pct":0},"branches":{"total":43,"covered":0,"skipped":0,"pct":0}}
,"C:\\Users\\amoles\\Desktop\\listaCompra_Project\\listaCompra_frontend_web\\src\\features\\products\\services\\product-service.ts": {"lines":{"total":21,"covered":0,"skipped":0,"pct":0},"functions":{"total":6,"covered":0,"skipped":0,"pct":0},"statements":{"total":22,"covered":0,"skipped":0,"pct":0},"branches":{"total":0,"covered":0,"skipped":0,"pct":100}}
,"C:\\Users\\amoles\\Desktop\\listaCompra_Project\\listaCompra_frontend_web\\src\\features\\stores\\hooks\\use-stores.ts": {"lines":{"total":26,"covered":0,"skipped":0,"pct":0},"functions":{"total":12,"covered":0,"skipped":0,"pct":0},"statements":{"total":32,"covered":0,"skipped":0,"pct":0},"branches":{"total":0,"covered":0,"skipped":0,"pct":100}}
,"C:\\Users\\amoles\\Desktop\\listaCompra_Project\\listaCompra_frontend_web\\src\\features\\stores\\services\\store-service.ts": {"lines":{"total":24,"covered":0,"skipped":0,"pct":0},"functions":{"total":7,"covered":0,"skipped":0,"pct":0},"statements":{"total":25,"covered":0,"skipped":0,"pct":0},"branches":{"total":0,"covered":0,"skipped":0,"pct":100}}
,"C:\\Users\\amoles\\Desktop\\listaCompra_Project\\listaCompra_frontend_web\\src\\lib\\security\\advanced-security.ts": {"lines":{"total":70,"covered":0,"skipped":0,"pct":0},"functions":{"total":6,"covered":0,"skipped":0,"pct":0},"statements":{"total":70,"covered":0,"skipped":0,"pct":0},"branches":{"total":33,"covered":0,"skipped":0,"pct":0}}
}
