TN:
SF:src\features\admin\hooks\use-admin-users.ts
FN:13,(anonymous_10)
FN:24,(anonymous_11)
FN:36,(anonymous_12)
FN:51,(anonymous_13)
FN:54,(anonymous_14)
FN:62,(anonymous_15)
FN:66,(anonymous_16)
FN:68,(anonymous_17)
FN:77,(anonymous_18)
FN:86,(anonymous_19)
FN:88,(anonymous_20)
FN:89,(anonymous_21)
FN:97,(anonymous_22)
FN:106,(anonymous_23)
FN:110,(anonymous_24)
FN:111,(anonymous_25)
FN:121,(anonymous_26)
FN:134,(anonymous_27)
FN:137,(anonymous_28)
FN:145,(anonymous_29)
FN:148,(anonymous_30)
FNF:21
FNH:0
FNDA:0,(anonymous_10)
FNDA:0,(anonymous_11)
FNDA:0,(anonymous_12)
FNDA:0,(anonymous_13)
FNDA:0,(anonymous_14)
FNDA:0,(anonymous_15)
FNDA:0,(anonymous_16)
FNDA:0,(anonymous_17)
FNDA:0,(anonymous_18)
FNDA:0,(anonymous_19)
FNDA:0,(anonymous_20)
FNDA:0,(anonymous_21)
FNDA:0,(anonymous_22)
FNDA:0,(anonymous_23)
FNDA:0,(anonymous_24)
FNDA:0,(anonymous_25)
FNDA:0,(anonymous_26)
FNDA:0,(anonymous_27)
FNDA:0,(anonymous_28)
FNDA:0,(anonymous_29)
FNDA:0,(anonymous_30)
DA:1,0
DA:2,0
DA:3,0
DA:13,0
DA:14,0
DA:24,0
DA:25,0
DA:36,0
DA:37,0
DA:51,0
DA:52,0
DA:54,0
DA:62,0
DA:63,0
DA:65,0
DA:67,0
DA:69,0
DA:70,0
DA:71,0
DA:78,0
DA:86,0
DA:87,0
DA:88,0
DA:90,0
DA:92,0
DA:93,0
DA:95,0
DA:98,0
DA:106,0
DA:107,0
DA:109,0
DA:110,0
DA:112,0
DA:114,0
DA:115,0
DA:117,0
DA:119,0
DA:122,0
DA:134,0
DA:135,0
DA:137,0
DA:145,0
DA:146,0
DA:148,0
LF:44
LH:0
BRDA:51,0,0,0
BRDA:51,1,0,0
BRDA:72,2,0,0
BRDA:72,2,1,0
BRDA:134,3,0,0
BRDA:134,4,0,0
BRDA:145,5,0,0
BRDA:145,6,0,0
BRF:8
BRH:0
end_of_record
TN:
SF:src\features\admin\services\admin-service.ts
FN:28,(anonymous_11)
FN:36,(anonymous_12)
FN:44,(anonymous_13)
FN:56,(anonymous_14)
FN:70,(anonymous_15)
FN:80,(anonymous_16)
FN:91,(anonymous_17)
FN:106,(anonymous_18)
FN:120,(anonymous_19)
FNF:9
FNH:0
FNDA:0,(anonymous_11)
FNDA:0,(anonymous_12)
FNDA:0,(anonymous_13)
FNDA:0,(anonymous_14)
FNDA:0,(anonymous_15)
FNDA:0,(anonymous_16)
FNDA:0,(anonymous_17)
FNDA:0,(anonymous_18)
FNDA:0,(anonymous_19)
DA:1,0
DA:28,0
DA:29,0
DA:30,0
DA:36,0
DA:37,0
DA:38,0
DA:44,0
DA:45,0
DA:46,0
DA:56,0
DA:61,0
DA:64,0
DA:70,0
DA:74,0
DA:80,0
DA:81,0
DA:85,0
DA:91,0
DA:92,0
DA:96,0
DA:106,0
DA:111,0
DA:114,0
DA:120,0
DA:124,0
DA:127,0
DA:130,0
LF:28
LH:0
BRDA:58,0,0,0
BRDA:59,1,0,0
BRDA:108,2,0,0
BRDA:109,3,0,0
BRDA:121,4,0,0
BRDA:122,5,0,0
BRF:6
BRH:0
end_of_record
TN:
SF:src\features\ai\hooks\use-ai.ts
FN:21,(anonymous_10)
FN:23,(anonymous_11)
FN:39,(anonymous_12)
FN:46,(anonymous_13)
FN:62,(anonymous_14)
FN:66,(anonymous_15)
FN:67,(anonymous_16)
FN:82,(anonymous_17)
FN:85,(anonymous_18)
FN:93,(anonymous_19)
FN:97,(anonymous_20)
FN:99,(anonymous_21)
FN:112,(anonymous_22)
FN:114,(anonymous_23)
FN:127,(anonymous_24)
FN:130,(anonymous_25)
FN:140,(anonymous_26)
FN:147,(anonymous_27)
FN:159,(anonymous_28)
FN:166,(anonymous_29)
FNF:20
FNH:0
FNDA:0,(anonymous_10)
FNDA:0,(anonymous_11)
FNDA:0,(anonymous_12)
FNDA:0,(anonymous_13)
FNDA:0,(anonymous_14)
FNDA:0,(anonymous_15)
FNDA:0,(anonymous_16)
FNDA:0,(anonymous_17)
FNDA:0,(anonymous_18)
FNDA:0,(anonymous_19)
FNDA:0,(anonymous_20)
FNDA:0,(anonymous_21)
FNDA:0,(anonymous_22)
FNDA:0,(anonymous_23)
FNDA:0,(anonymous_24)
FNDA:0,(anonymous_25)
FNDA:0,(anonymous_26)
FNDA:0,(anonymous_27)
FNDA:0,(anonymous_28)
FNDA:0,(anonymous_29)
DA:5,0
DA:6,0
DA:21,0
DA:22,0
DA:24,0
DA:39,0
DA:44,0
DA:47,0
DA:62,0
DA:63,0
DA:65,0
DA:66,0
DA:69,0
DA:82,0
DA:83,0
DA:85,0
DA:93,0
DA:94,0
DA:96,0
DA:98,0
DA:101,0
DA:112,0
DA:113,0
DA:115,0
DA:127,0
DA:128,0
DA:130,0
DA:140,0
DA:145,0
DA:147,0
DA:159,0
DA:164,0
DA:166,0
LF:33
LH:0
BRDA:42,0,0,0
BRDA:51,1,0,0
BRDA:51,1,1,0
BRDA:143,2,0,0
BRDA:148,3,0,0
BRDA:148,3,1,0
BRDA:162,4,0,0
BRDA:167,5,0,0
BRDA:167,5,1,0
BRDA:167,5,2,0
BRF:10
BRH:0
end_of_record
TN:
SF:src\features\ai\services\ai-service.ts
FN:29,(anonymous_10)
FN:46,(anonymous_11)
FN:62,(anonymous_12)
FN:74,(anonymous_13)
FN:89,(anonymous_14)
FN:105,(anonymous_15)
FN:118,(anonymous_16)
FN:135,(anonymous_17)
FNF:8
FNH:0
FNDA:0,(anonymous_10)
FNDA:0,(anonymous_11)
FNDA:0,(anonymous_12)
FNDA:0,(anonymous_13)
FNDA:0,(anonymous_14)
FNDA:0,(anonymous_15)
FNDA:0,(anonymous_16)
FNDA:0,(anonymous_17)
DA:5,0
DA:29,0
DA:32,0
DA:36,0
DA:46,0
DA:49,0
DA:53,0
DA:62,0
DA:63,0
DA:66,0
DA:74,0
DA:77,0
DA:81,0
DA:89,0
DA:92,0
DA:96,0
DA:105,0
DA:106,0
DA:109,0
DA:118,0
DA:122,0
DA:126,0
DA:135,0
DA:139,0
DA:142,0
DA:148,0
LF:26
LH:0
BRF:0
BRH:0
end_of_record
TN:
SF:src\features\auth\components\change-password-form.tsx
FN:6,ChangePasswordForm
FNF:1
FNH:0
FNDA:0,ChangePasswordForm
DA:6,0
LF:1
LH:0
BRF:0
BRH:0
end_of_record
TN:
SF:src\features\auth\components\forgot-password-form.tsx
FN:19,ForgotPasswordForm
FN:26,(anonymous_6)
FN:28,(anonymous_7)
FN:30,(anonymous_8)
FN:39,(anonymous_9)
FN:49,(anonymous_10)
FN:63,(anonymous_11)
FNF:7
FNH:0
FNDA:0,ForgotPasswordForm
FNDA:0,(anonymous_6)
FNDA:0,(anonymous_7)
FNDA:0,(anonymous_8)
FNDA:0,(anonymous_9)
FNDA:0,(anonymous_10)
FNDA:0,(anonymous_11)
DA:3,0
DA:4,0
DA:6,0
DA:7,0
DA:15,0
DA:19,0
DA:20,0
DA:21,0
DA:22,0
DA:23,0
DA:24,0
DA:26,0
DA:27,0
DA:28,0
DA:30,0
DA:31,0
DA:32,0
DA:34,0
DA:38,0
DA:40,0
DA:41,0
DA:42,0
DA:44,0
DA:45,0
DA:46,0
DA:47,0
DA:48,0
DA:49,0
DA:50,0
DA:51,0
DA:52,0
DA:55,0
DA:56,0
DA:59,0
DA:60,0
DA:61,0
DA:63,0
DA:64,0
DA:65,0
DA:66,0
DA:67,0
DA:69,0
DA:70,0
LF:43
LH:0
BRDA:31,0,0,0
BRDA:31,0,1,0
BRDA:45,1,0,0
BRDA:45,1,1,0
BRDA:51,2,0,0
BRDA:51,2,1,0
BRDA:69,3,0,0
BRDA:69,3,1,0
BRDA:90,4,0,0
BRDA:90,4,1,0
BRDA:91,5,0,0
BRDA:91,5,1,0
BRDA:95,6,0,0
BRDA:95,6,1,0
BRDA:102,7,0,0
BRDA:102,7,1,0
BRDA:108,8,0,0
BRDA:108,8,1,0
BRDA:120,9,0,0
BRDA:126,10,0,0
BRDA:126,10,1,0
BRF:21
BRH:0
end_of_record
TN:
SF:src\features\auth\components\login-form.tsx
FN:16,LoginForm
FN:25,(anonymous_6)
FN:43,(anonymous_7)
FN:45,(anonymous_8)
FN:47,(anonymous_9)
FN:56,(anonymous_10)
FN:65,(anonymous_11)
FN:79,(anonymous_12)
FNF:8
FNH:0
FNDA:0,LoginForm
FNDA:0,(anonymous_6)
FNDA:0,(anonymous_7)
FNDA:0,(anonymous_8)
FNDA:0,(anonymous_9)
FNDA:0,(anonymous_10)
FNDA:0,(anonymous_11)
FNDA:0,(anonymous_12)
DA:3,0
DA:4,0
DA:5,0
DA:6,0
DA:8,0
DA:16,0
DA:17,0
DA:18,0
DA:19,0
DA:20,0
DA:22,0
DA:23,0
DA:24,0
DA:25,0
DA:26,0
DA:27,0
DA:30,0
DA:31,0
DA:32,0
DA:33,0
DA:34,0
DA:37,0
DA:39,0
DA:43,0
DA:44,0
DA:45,0
DA:47,0
DA:48,0
DA:49,0
DA:51,0
DA:55,0
DA:57,0
DA:58,0
DA:60,0
DA:61,0
DA:62,0
DA:63,0
DA:64,0
DA:65,0
DA:66,0
DA:67,0
DA:68,0
DA:71,0
DA:72,0
DA:75,0
DA:76,0
DA:77,0
DA:79,0
DA:80,0
DA:81,0
DA:88,0
DA:90,0
DA:93,0
DA:94,0
DA:97,0
DA:98,0
DA:100,0
DA:101,0
LF:58
LH:0
BRDA:26,0,0,0
BRDA:26,0,1,0
BRDA:31,1,0,0
BRDA:31,1,1,0
BRDA:33,2,0,0
BRDA:33,2,1,0
BRDA:33,3,0,0
BRDA:33,3,1,0
BRDA:37,4,0,0
BRDA:37,4,1,0
BRDA:48,5,0,0
BRDA:48,5,1,0
BRDA:61,6,0,0
BRDA:61,6,1,0
BRDA:67,7,0,0
BRDA:67,7,1,0
BRDA:88,8,0,0
BRDA:88,8,1,0
BRDA:88,9,0,0
BRDA:88,9,1,0
BRDA:90,10,0,0
BRDA:90,10,1,0
BRDA:90,11,0,0
BRDA:90,11,1,0
BRDA:92,12,0,0
BRDA:92,12,1,0
BRDA:97,13,0,0
BRDA:97,13,1,0
BRDA:100,14,0,0
BRDA:100,14,1,0
BRDA:125,15,0,0
BRDA:125,15,1,0
BRDA:126,16,0,0
BRDA:126,16,1,0
BRDA:130,17,0,0
BRDA:130,17,1,0
BRDA:147,18,0,0
BRDA:147,18,1,0
BRDA:148,19,0,0
BRDA:148,19,1,0
BRDA:152,20,0,0
BRDA:152,20,1,0
BRDA:159,21,0,0
BRDA:159,21,1,0
BRDA:170,22,0,0
BRDA:176,23,0,0
BRDA:176,23,1,0
BRF:47
BRH:0
end_of_record
TN:
SF:src\features\auth\components\profile-form.tsx
FN:25,ProfileForm
FN:39,(anonymous_2)
FN:49,(anonymous_3)
FN:163,(anonymous_7)
FNF:4
FNH:0
FNDA:0,ProfileForm
FNDA:0,(anonymous_2)
FNDA:0,(anonymous_3)
FNDA:0,(anonymous_7)
DA:3,0
DA:4,0
DA:5,0
DA:6,0
DA:8,0
DA:17,0
DA:18,0
DA:19,0
DA:20,0
DA:21,0
DA:22,0
DA:23,0
DA:25,0
DA:26,0
DA:27,0
DA:29,0
DA:39,0
DA:40,0
DA:41,0
DA:49,0
DA:50,0
DA:51,0
DA:53,0
DA:58,0
DA:62,0
DA:68,0
DA:163,0
LF:27
LH:0
BRDA:40,0,0,0
BRDA:40,0,1,0
BRDA:42,1,0,0
BRDA:42,1,1,0
BRDA:43,2,0,0
BRDA:43,2,1,0
BRDA:58,3,0,0
BRDA:58,3,1,0
BRDA:68,4,0,0
BRDA:68,4,1,0
BRDA:164,5,0,0
BRDA:164,5,1,0
BRDA:171,6,0,0
BRDA:171,6,1,0
BRDA:174,7,0,0
BRF:15
BRH:0
end_of_record
TN:
SF:src\features\auth\components\register-form.tsx
FN:24,RegisterForm
FN:33,(anonymous_6)
FN:35,(anonymous_7)
FN:37,(anonymous_8)
FN:46,(anonymous_9)
FN:56,(anonymous_10)
FN:70,(anonymous_11)
FN:82,(anonymous_12)
FN:228,(anonymous_13)
FNF:9
FNH:0
FNDA:0,RegisterForm
FNDA:0,(anonymous_6)
FNDA:0,(anonymous_7)
FNDA:0,(anonymous_8)
FNDA:0,(anonymous_9)
FNDA:0,(anonymous_10)
FNDA:0,(anonymous_11)
FNDA:0,(anonymous_12)
FNDA:0,(anonymous_13)
DA:3,0
DA:4,0
DA:5,0
DA:7,0
DA:8,0
DA:16,0
DA:24,0
DA:25,0
DA:26,0
DA:27,0
DA:28,0
DA:29,0
DA:30,0
DA:31,0
DA:33,0
DA:34,0
DA:35,0
DA:37,0
DA:38,0
DA:39,0
DA:41,0
DA:45,0
DA:47,0
DA:48,0
DA:49,0
DA:51,0
DA:52,0
DA:53,0
DA:54,0
DA:55,0
DA:56,0
DA:57,0
DA:58,0
DA:59,0
DA:62,0
DA:63,0
DA:66,0
DA:67,0
DA:68,0
DA:70,0
DA:71,0
DA:72,0
DA:78,0
DA:79,0
DA:82,0
DA:83,0
DA:86,0
DA:87,0
DA:228,0
LF:49
LH:0
BRDA:38,0,0,0
BRDA:38,0,1,0
BRDA:52,1,0,0
BRDA:52,1,1,0
BRDA:58,2,0,0
BRDA:58,2,1,0
BRDA:86,3,0,0
BRDA:86,3,1,0
BRDA:111,4,0,0
BRDA:111,4,1,0
BRDA:112,5,0,0
BRDA:112,5,1,0
BRDA:116,6,0,0
BRDA:116,6,1,0
BRDA:134,7,0,0
BRDA:134,7,1,0
BRDA:135,8,0,0
BRDA:135,8,1,0
BRDA:139,9,0,0
BRDA:139,9,1,0
BRDA:157,10,0,0
BRDA:157,10,1,0
BRDA:158,11,0,0
BRDA:158,11,1,0
BRDA:162,12,0,0
BRDA:162,12,1,0
BRDA:184,13,0,0
BRDA:184,13,1,0
BRDA:185,14,0,0
BRDA:185,14,1,0
BRDA:192,15,0,0
BRDA:192,15,1,0
BRDA:210,16,0,0
BRDA:210,16,1,0
BRDA:211,17,0,0
BRDA:211,17,1,0
BRDA:215,18,0,0
BRDA:215,18,1,0
BRDA:237,19,0,0
BRDA:237,19,1,0
BRDA:243,20,0,0
BRDA:243,20,1,0
BRDA:252,21,0,0
BRDA:252,21,1,0
BRDA:255,22,0,0
BRDA:262,23,0,0
BRDA:262,23,1,0
BRF:47
BRH:0
end_of_record
TN:
SF:src\features\auth\components\__tests__\change-password-form.test.tsx
FN:5,(anonymous_0)
FN:14,(anonymous_1)
FN:15,(anonymous_2)
FN:25,(anonymous_3)
FN:27,(anonymous_4)
FN:30,(anonymous_5)
FN:40,(anonymous_6)
FN:56,(anonymous_7)
FN:58,(anonymous_8)
FN:61,(anonymous_9)
FNF:10
FNH:0
FNDA:0,(anonymous_0)
FNDA:0,(anonymous_1)
FNDA:0,(anonymous_2)
FNDA:0,(anonymous_3)
FNDA:0,(anonymous_4)
FNDA:0,(anonymous_5)
FNDA:0,(anonymous_6)
FNDA:0,(anonymous_7)
FNDA:0,(anonymous_8)
FNDA:0,(anonymous_9)
DA:1,0
DA:2,0
DA:3,0
DA:5,0
DA:6,0
DA:14,0
DA:15,0
DA:16,0
DA:18,0
DA:19,0
DA:20,0
DA:22,0
DA:25,0
DA:27,0
DA:28,0
DA:30,0
DA:34,0
DA:36,0
DA:37,0
DA:38,0
DA:40,0
DA:41,0
DA:53,0
DA:56,0
DA:58,0
DA:59,0
DA:61,0
DA:65,0
DA:67,0
DA:68,0
DA:69,0
DA:71,0
LF:32
LH:0
BRF:0
BRH:0
end_of_record
TN:
SF:src\features\auth\components\__tests__\forgot-password-form.test.tsx
FN:4,(anonymous_0)
FN:5,(anonymous_1)
FN:14,(anonymous_2)
FN:16,(anonymous_3)
FN:19,(anonymous_4)
FN:28,(anonymous_5)
FN:41,(anonymous_6)
FN:43,(anonymous_7)
FN:46,(anonymous_8)
FNF:9
FNH:0
FNDA:0,(anonymous_0)
FNDA:0,(anonymous_1)
FNDA:0,(anonymous_2)
FNDA:0,(anonymous_3)
FNDA:0,(anonymous_4)
FNDA:0,(anonymous_5)
FNDA:0,(anonymous_6)
FNDA:0,(anonymous_7)
FNDA:0,(anonymous_8)
DA:1,0
DA:2,0
DA:4,0
DA:5,0
DA:6,0
DA:8,0
DA:9,0
DA:11,0
DA:14,0
DA:16,0
DA:17,0
DA:19,0
DA:23,0
DA:25,0
DA:26,0
DA:28,0
DA:29,0
DA:38,0
DA:41,0
DA:43,0
DA:44,0
DA:46,0
DA:50,0
DA:52,0
DA:53,0
DA:55,0
LF:26
LH:0
BRF:0
BRH:0
end_of_record
TN:
SF:src\features\auth\components\__tests__\login-form.test.tsx
FN:8,(anonymous_0)
FN:9,(anonymous_1)
FN:13,(anonymous_2)
FN:14,(anonymous_3)
FN:29,(anonymous_4)
FN:30,(anonymous_5)
FN:35,(anonymous_6)
FN:36,(anonymous_7)
FN:42,(anonymous_8)
FN:55,(anonymous_9)
FN:64,(anonymous_10)
FN:77,(anonymous_11)
FNF:12
FNH:0
FNDA:0,(anonymous_0)
FNDA:0,(anonymous_1)
FNDA:0,(anonymous_2)
FNDA:0,(anonymous_3)
FNDA:0,(anonymous_4)
FNDA:0,(anonymous_5)
FNDA:0,(anonymous_6)
FNDA:0,(anonymous_7)
FNDA:0,(anonymous_8)
FNDA:0,(anonymous_9)
FNDA:0,(anonymous_10)
FNDA:0,(anonymous_11)
DA:1,0
DA:3,0
DA:5,0
DA:6,0
DA:8,0
DA:9,0
DA:13,0
DA:14,0
DA:25,0
DA:27,0
DA:29,0
DA:30,0
DA:35,0
DA:36,0
DA:37,0
DA:38,0
DA:39,0
DA:42,0
DA:43,0
DA:45,0
DA:46,0
DA:47,0
DA:49,0
DA:50,0
DA:51,0
DA:52,0
DA:55,0
DA:56,0
DA:58,0
DA:60,0
DA:61,0
DA:62,0
DA:64,0
DA:65,0
DA:73,0
DA:74,0
DA:77,0
DA:78,0
DA:80,0
DA:82,0
DA:83,0
DA:84,0
DA:86,0
DA:87,0
LF:44
LH:0
BRF:0
BRH:0
end_of_record
TN:
SF:src\features\auth\components\__tests__\profile-form.test.tsx
FN:6,(anonymous_0)
FN:7,(anonymous_1)
FN:12,(anonymous_2)
FN:17,(anonymous_3)
FN:31,(anonymous_4)
FN:37,(anonymous_5)
FN:48,(anonymous_6)
FN:50,(anonymous_7)
FN:53,(anonymous_8)
FN:63,(anonymous_9)
FN:79,(anonymous_10)
FN:81,(anonymous_11)
FN:84,(anonymous_12)
FNF:13
FNH:0
FNDA:0,(anonymous_0)
FNDA:0,(anonymous_1)
FNDA:0,(anonymous_2)
FNDA:0,(anonymous_3)
FNDA:0,(anonymous_4)
FNDA:0,(anonymous_5)
FNDA:0,(anonymous_6)
FNDA:0,(anonymous_7)
FNDA:0,(anonymous_8)
FNDA:0,(anonymous_9)
FNDA:0,(anonymous_10)
FNDA:0,(anonymous_11)
FNDA:0,(anonymous_12)
DA:1,0
DA:2,0
DA:3,0
DA:4,0
DA:6,0
DA:7,0
DA:12,0
DA:17,0
DA:18,0
DA:31,0
DA:32,0
DA:37,0
DA:38,0
DA:40,0
DA:41,0
DA:42,0
DA:44,0
DA:45,0
DA:48,0
DA:50,0
DA:51,0
DA:53,0
DA:57,0
DA:59,0
DA:60,0
DA:61,0
DA:63,0
DA:64,0
DA:76,0
DA:79,0
DA:81,0
DA:82,0
DA:84,0
DA:88,0
DA:90,0
DA:91,0
DA:92,0
DA:94,0
LF:38
LH:0
BRF:0
BRH:0
end_of_record
TN:
SF:src\features\auth\components\__tests__\register-form.test.tsx
FN:6,(anonymous_0)
FN:7,(anonymous_1)
FN:12,(anonymous_2)
FN:13,(anonymous_3)
FN:17,(anonymous_4)
FN:30,(anonymous_5)
FN:32,(anonymous_6)
FN:35,(anonymous_7)
FN:46,(anonymous_8)
FN:63,(anonymous_9)
FN:65,(anonymous_10)
FN:68,(anonymous_11)
FNF:12
FNH:0
FNDA:0,(anonymous_0)
FNDA:0,(anonymous_1)
FNDA:0,(anonymous_2)
FNDA:0,(anonymous_3)
FNDA:0,(anonymous_4)
FNDA:0,(anonymous_5)
FNDA:0,(anonymous_6)
FNDA:0,(anonymous_7)
FNDA:0,(anonymous_8)
FNDA:0,(anonymous_9)
FNDA:0,(anonymous_10)
FNDA:0,(anonymous_11)
DA:1,0
DA:2,0
DA:4,0
DA:6,0
DA:7,0
DA:12,0
DA:13,0
DA:14,0
DA:17,0
DA:18,0
DA:20,0
DA:21,0
DA:22,0
DA:23,0
DA:25,0
DA:26,0
DA:27,0
DA:30,0
DA:32,0
DA:33,0
DA:35,0
DA:39,0
DA:41,0
DA:42,0
DA:43,0
DA:44,0
DA:46,0
DA:47,0
DA:60,0
DA:63,0
DA:65,0
DA:66,0
DA:68,0
DA:72,0
DA:74,0
DA:75,0
DA:76,0
DA:77,0
DA:79,0
DA:80,0
LF:40
LH:0
BRF:0
BRH:0
end_of_record
TN:
SF:src\features\auth\components\session\session-status.tsx
FN:10,SessionStatus
FN:24,(anonymous_3)
FNF:2
FNH:0
FNDA:0,SessionStatus
FNDA:0,(anonymous_3)
DA:3,0
DA:4,0
DA:5,0
DA:10,0
DA:11,0
DA:13,0
DA:17,0
DA:24,0
LF:8
LH:0
BRDA:13,0,0,0
BRDA:13,0,1,0
BRDA:17,1,0,0
BRDA:17,1,1,0
BRF:4
BRH:0
end_of_record
TN:
SF:src\features\auth\components\session\__tests__\session-status.test.tsx
FN:10,(anonymous_0)
FN:11,(anonymous_1)
FN:17,(anonymous_2)
FN:24,(anonymous_3)
FNF:4
FNH:0
FNDA:0,(anonymous_0)
FNDA:0,(anonymous_1)
FNDA:0,(anonymous_2)
FNDA:0,(anonymous_3)
DA:2,0
DA:3,0
DA:4,0
DA:6,0
DA:8,0
DA:10,0
DA:11,0
DA:12,0
DA:13,0
DA:14,0
DA:17,0
DA:18,0
DA:19,0
DA:20,0
DA:21,0
DA:24,0
DA:25,0
DA:29,0
DA:30,0
DA:31,0
DA:32,0
DA:33,0
LF:22
LH:0
BRF:0
BRH:0
end_of_record
TN:
SF:src\features\auth\hooks\use-profile.ts
FN:17,useProfile
FN:32,useUpdateProfile
FN:37,(anonymous_6)
FN:38,(anonymous_7)
FN:57,useChangePassword
FN:59,(anonymous_9)
FNF:6
FNH:0
FNDA:0,useProfile
FNDA:0,useUpdateProfile
FNDA:0,(anonymous_6)
FNDA:0,(anonymous_7)
FNDA:0,useChangePassword
FNDA:0,(anonymous_9)
DA:1,0
DA:2,0
DA:8,0
DA:12,0
DA:17,0
DA:18,0
DA:20,0
DA:32,0
DA:33,0
DA:34,0
DA:36,0
DA:37,0
DA:40,0
DA:43,0
DA:57,0
DA:58,0
DA:59,0
LF:17
LH:0
BRF:0
BRH:0
end_of_record
TN:
SF:src\features\auth\services\auth-service.ts
FN:17,(anonymous_9)
FN:23,buildAuthApiError
FN:35,normalizeEmail
FN:42,login
FN:98,refreshToken
FN:118,registerUser
FN:132,requestPasswordReset
FN:143,getCurrentUser
FN:152,updateProfile
FN:166,changePassword
FNF:10
FNH:10
FNDA:15,(anonymous_9)
FNDA:13,buildAuthApiError
FNDA:14,normalizeEmail
FNDA:6,login
FNDA:4,refreshToken
FNDA:3,registerUser
FNDA:2,requestPasswordReset
FNDA:2,getCurrentUser
FNDA:3,updateProfile
FNDA:3,changePassword
DA:1,1
DA:2,1
DA:16,11
DA:18,15
DA:19,15
DA:24,13
DA:25,10
DA:26,10
DA:27,10
DA:29,3
DA:30,3
DA:32,0
DA:36,14
DA:42,6
DA:43,6
DA:44,6
DA:49,6
DA:56,6
DA:58,3
DA:67,3
DA:68,1
DA:69,1
DA:72,2
DA:75,2
DA:80,4
DA:89,4
DA:98,4
DA:99,4
DA:100,1
DA:103,3
DA:104,3
DA:107,2
DA:108,1
DA:110,1
DA:112,2
DA:118,3
DA:119,3
DA:120,3
DA:126,3
DA:128,2
DA:132,2
DA:133,2
DA:134,2
DA:137,2
DA:139,1
DA:143,2
DA:144,2
DA:145,2
DA:146,1
DA:148,1
DA:152,3
DA:153,3
DA:154,3
DA:159,3
DA:160,2
DA:162,1
DA:166,3
DA:167,3
DA:168,3
DA:172,3
DA:174,2
LF:61
LH:60
BRDA:24,0,0,10
BRDA:24,0,1,3
BRDA:26,1,0,10
BRDA:26,1,1,0
BRDA:26,1,2,0
BRDA:26,1,3,0
BRDA:27,2,0,10
BRDA:27,2,1,0
BRDA:29,3,0,3
BRDA:29,3,1,0
BRDA:30,4,0,3
BRDA:30,4,1,0
BRDA:67,5,0,1
BRDA:67,5,1,2
BRDA:67,6,0,3
BRDA:67,6,1,3
BRDA:83,7,0,2
BRDA:83,7,1,2
BRDA:99,8,0,1
BRDA:99,8,1,3
BRDA:107,9,0,1
BRDA:107,9,1,1
BRDA:157,10,0,3
BRDA:157,10,1,1
BRF:24
BRH:18
end_of_record
TN:
SF:src\features\auth\validators\password-schema.ts
FN:29,(anonymous_3)
FN:33,(anonymous_4)
FNF:2
FNH:0
FNDA:0,(anonymous_3)
FNDA:0,(anonymous_4)
DA:1,0
DA:4,0
DA:12,0
DA:19,0
DA:29,0
DA:33,0
LF:6
LH:0
BRF:0
BRH:0
end_of_record
TN:
SF:src\features\auth\validators\profile-schema.ts
FNF:0
FNH:0
DA:1,0
DA:3,0
LF:2
LH:0
BRF:0
BRH:0
end_of_record
TN:
SF:src\features\auth\validators\schemas.ts
FN:35,(anonymous_4)
FNF:1
FNH:0
FNDA:0,(anonymous_4)
DA:1,0
DA:3,0
DA:9,0
DA:14,0
DA:19,0
DA:35,0
DA:40,0
LF:7
LH:0
BRF:0
BRH:0
end_of_record
TN:
SF:src\features\blueprints\hooks\use-blueprints.ts
FN:14,(anonymous_8)
FN:17,(anonymous_9)
FN:25,(anonymous_10)
FN:28,(anonymous_11)
FN:37,(anonymous_12)
FN:41,(anonymous_13)
FN:42,(anonymous_14)
FN:46,(anonymous_15)
FN:55,(anonymous_16)
FN:59,(anonymous_17)
FN:61,(anonymous_18)
FN:66,(anonymous_19)
FN:75,(anonymous_20)
FN:79,(anonymous_21)
FN:80,(anonymous_22)
FN:84,(anonymous_23)
FN:93,(anonymous_24)
FN:97,(anonymous_25)
FN:99,(anonymous_26)
FN:103,(anonymous_27)
FN:112,(anonymous_28)
FN:116,(anonymous_29)
FN:123,(anonymous_30)
FN:127,(anonymous_31)
FNF:24
FNH:0
FNDA:0,(anonymous_8)
FNDA:0,(anonymous_9)
FNDA:0,(anonymous_10)
FNDA:0,(anonymous_11)
FNDA:0,(anonymous_12)
FNDA:0,(anonymous_13)
FNDA:0,(anonymous_14)
FNDA:0,(anonymous_15)
FNDA:0,(anonymous_16)
FNDA:0,(anonymous_17)
FNDA:0,(anonymous_18)
FNDA:0,(anonymous_19)
FNDA:0,(anonymous_20)
FNDA:0,(anonymous_21)
FNDA:0,(anonymous_22)
FNDA:0,(anonymous_23)
FNDA:0,(anonymous_24)
FNDA:0,(anonymous_25)
FNDA:0,(anonymous_26)
FNDA:0,(anonymous_27)
FNDA:0,(anonymous_28)
FNDA:0,(anonymous_29)
FNDA:0,(anonymous_30)
FNDA:0,(anonymous_31)
DA:1,0
DA:2,0
DA:9,0
DA:14,0
DA:15,0
DA:17,0
DA:25,0
DA:26,0
DA:28,0
DA:37,0
DA:38,0
DA:40,0
DA:41,0
DA:43,0
DA:44,0
DA:47,0
DA:55,0
DA:56,0
DA:58,0
DA:60,0
DA:62,0
DA:63,0
DA:64,0
DA:67,0
DA:75,0
DA:76,0
DA:78,0
DA:79,0
DA:81,0
DA:82,0
DA:85,0
DA:93,0
DA:94,0
DA:96,0
DA:98,0
DA:100,0
DA:101,0
DA:104,0
DA:112,0
DA:113,0
DA:115,0
DA:122,0
DA:124,0
DA:125,0
DA:128,0
LF:45
LH:0
BRF:0
BRH:0
end_of_record
TN:
SF:src\features\blueprints\services\blueprint-service.ts
FN:15,(anonymous_1)
FN:33,(anonymous_2)
FN:41,(anonymous_3)
FN:49,(anonymous_4)
FN:57,(anonymous_5)
FN:64,(anonymous_6)
FN:78,(anonymous_7)
FN:87,(anonymous_8)
FNF:8
FNH:0
FNDA:0,(anonymous_1)
FNDA:0,(anonymous_2)
FNDA:0,(anonymous_3)
FNDA:0,(anonymous_4)
FNDA:0,(anonymous_5)
FNDA:0,(anonymous_6)
FNDA:0,(anonymous_7)
FNDA:0,(anonymous_8)
DA:1,0
DA:15,0
DA:16,0
DA:18,0
DA:19,0
DA:20,0
DA:21,0
DA:22,0
DA:24,0
DA:27,0
DA:33,0
DA:34,0
DA:35,0
DA:41,0
DA:42,0
DA:43,0
DA:49,0
DA:50,0
DA:51,0
DA:57,0
DA:58,0
DA:64,0
DA:68,0
DA:72,0
DA:78,0
DA:83,0
DA:84,0
DA:87,0
DA:97,0
DA:103,0
LF:30
LH:0
BRDA:18,0,0,0
BRDA:18,0,1,0
BRDA:19,1,0,0
BRDA:19,1,1,0
BRDA:20,2,0,0
BRDA:20,2,1,0
BRDA:21,3,0,0
BRDA:21,3,1,0
BRDA:22,4,0,0
BRDA:22,4,1,0
BRDA:70,5,0,0
BRDA:70,5,1,0
BRDA:84,6,0,0
BRDA:84,6,1,0
BRDA:84,6,2,0
BRDA:90,7,0,0
BRDA:90,7,1,0
BRF:17
BRH:0
end_of_record
TN:
SF:src\features\categories\hooks\use-categories.ts
FN:5,(anonymous_8)
FN:8,(anonymous_9)
FN:12,(anonymous_10)
FN:15,(anonymous_11)
FN:20,(anonymous_12)
FN:24,(anonymous_13)
FN:30,(anonymous_14)
FN:34,(anonymous_15)
FN:40,(anonymous_16)
FN:44,(anonymous_17)
FN:50,(anonymous_18)
FN:54,(anonymous_19)
FN:60,(anonymous_20)
FN:64,(anonymous_21)
FNF:14
FNH:0
FNDA:0,(anonymous_8)
FNDA:0,(anonymous_9)
FNDA:0,(anonymous_10)
FNDA:0,(anonymous_11)
FNDA:0,(anonymous_12)
FNDA:0,(anonymous_13)
FNDA:0,(anonymous_14)
FNDA:0,(anonymous_15)
FNDA:0,(anonymous_16)
FNDA:0,(anonymous_17)
FNDA:0,(anonymous_18)
FNDA:0,(anonymous_19)
FNDA:0,(anonymous_20)
FNDA:0,(anonymous_21)
DA:1,0
DA:2,0
DA:5,0
DA:6,0
DA:8,0
DA:12,0
DA:13,0
DA:15,0
DA:20,0
DA:21,0
DA:22,0
DA:25,0
DA:30,0
DA:31,0
DA:32,0
DA:35,0
DA:40,0
DA:41,0
DA:42,0
DA:45,0
DA:50,0
DA:51,0
DA:52,0
DA:55,0
DA:60,0
DA:61,0
DA:62,0
DA:65,0
LF:28
LH:0
BRF:0
BRH:0
end_of_record
TN:
SF:src\features\categories\services\category-service.ts
FN:13,(anonymous_1)
FN:26,(anonymous_2)
FN:36,(anonymous_3)
FN:47,(anonymous_4)
FN:51,(anonymous_5)
FN:62,(anonymous_6)
FN:73,(anonymous_7)
FNF:7
FNH:0
FNDA:0,(anonymous_1)
FNDA:0,(anonymous_2)
FNDA:0,(anonymous_3)
FNDA:0,(anonymous_4)
FNDA:0,(anonymous_5)
FNDA:0,(anonymous_6)
FNDA:0,(anonymous_7)
DA:1,0
DA:13,0
DA:16,0
DA:23,0
DA:26,0
DA:29,0
DA:33,0
DA:36,0
DA:39,0
DA:40,0
DA:44,0
DA:47,0
DA:48,0
DA:51,0
DA:54,0
DA:55,0
DA:59,0
DA:62,0
DA:65,0
DA:66,0
DA:70,0
DA:73,0
DA:76,0
DA:77,0
DA:80,0
LF:25
LH:0
BRF:0
BRH:0
end_of_record
TN:
SF:src\features\invitations\hooks\index.ts
FNF:0
FNH:0
DA:1,0
DA:2,0
LF:2
LH:0
BRF:0
BRH:0
end_of_record
TN:
SF:src\features\invitations\hooks\use-collaborators.ts
FN:4,(anonymous_1)
FN:7,(anonymous_2)
FNF:2
FNH:0
FNDA:0,(anonymous_1)
FNDA:0,(anonymous_2)
DA:1,0
DA:2,0
DA:4,0
DA:5,0
DA:7,0
LF:5
LH:0
BRF:0
BRH:0
end_of_record
TN:
SF:src\features\invitations\hooks\use-invitation-by-hash.ts
FN:4,(anonymous_1)
FN:7,(anonymous_2)
FNF:2
FNH:0
FNDA:0,(anonymous_1)
FNDA:0,(anonymous_2)
DA:1,0
DA:2,0
DA:4,0
DA:5,0
DA:7,0
LF:5
LH:0
BRF:0
BRH:0
end_of_record
TN:
SF:src\features\invitations\hooks\use-invitations.ts
FN:5,(anonymous_7)
FN:12,(anonymous_8)
FN:15,(anonymous_9)
FN:20,(anonymous_10)
FN:23,(anonymous_11)
FN:28,(anonymous_12)
FN:32,(anonymous_13)
FN:34,(anonymous_14)
FN:43,(anonymous_15)
FN:47,(anonymous_16)
FN:49,(anonymous_17)
FN:55,(anonymous_18)
FN:59,(anonymous_19)
FN:61,(anonymous_20)
FNF:14
FNH:0
FNDA:0,(anonymous_7)
FNDA:0,(anonymous_8)
FNDA:0,(anonymous_9)
FNDA:0,(anonymous_10)
FNDA:0,(anonymous_11)
FNDA:0,(anonymous_12)
FNDA:0,(anonymous_13)
FNDA:0,(anonymous_14)
FNDA:0,(anonymous_15)
FNDA:0,(anonymous_16)
FNDA:0,(anonymous_17)
FNDA:0,(anonymous_18)
FNDA:0,(anonymous_19)
FNDA:0,(anonymous_20)
DA:1,0
DA:2,0
DA:5,0
DA:6,0
DA:12,0
DA:13,0
DA:15,0
DA:20,0
DA:21,0
DA:23,0
DA:28,0
DA:29,0
DA:31,0
DA:33,0
DA:35,0
DA:43,0
DA:44,0
DA:46,0
DA:48,0
DA:50,0
DA:55,0
DA:56,0
DA:58,0
DA:60,0
DA:62,0
DA:63,0
LF:26
LH:0
BRDA:33,0,0,0
BRDA:33,0,1,0
BRF:2
BRH:0
end_of_record
TN:
SF:src\features\invitations\hooks\use-revoke-access.ts
FN:10,(anonymous_1)
FN:14,(anonymous_2)
FN:16,(anonymous_3)
FN:20,(anonymous_4)
FNF:4
FNH:0
FNDA:0,(anonymous_1)
FNDA:0,(anonymous_2)
FNDA:0,(anonymous_3)
FNDA:0,(anonymous_4)
DA:1,0
DA:2,0
DA:3,0
DA:10,0
DA:11,0
DA:13,0
DA:15,0
DA:17,0
DA:18,0
DA:21,0
DA:22,0
LF:11
LH:0
BRDA:21,0,0,0
BRDA:21,0,1,0
BRF:2
BRH:0
end_of_record
TN:
SF:src\features\invitations\hooks\use-share-list.ts
FN:5,(anonymous_1)
FN:9,(anonymous_2)
FN:11,(anonymous_3)
FNF:3
FNH:0
FNDA:0,(anonymous_1)
FNDA:0,(anonymous_2)
FNDA:0,(anonymous_3)
DA:1,0
DA:2,0
DA:5,0
DA:6,0
DA:8,0
DA:10,0
DA:12,0
LF:7
LH:0
BRF:0
BRH:0
end_of_record
TN:
SF:src\features\invitations\hooks\use-update-permissions.ts
FN:11,(anonymous_1)
FN:15,(anonymous_2)
FN:17,(anonymous_3)
FN:21,(anonymous_4)
FNF:4
FNH:0
FNDA:0,(anonymous_1)
FNDA:0,(anonymous_2)
FNDA:0,(anonymous_3)
FNDA:0,(anonymous_4)
DA:1,0
DA:2,0
DA:3,0
DA:11,0
DA:12,0
DA:14,0
DA:16,0
DA:18,0
DA:19,0
DA:22,0
DA:23,0
LF:11
LH:0
BRDA:22,0,0,0
BRDA:22,0,1,0
BRF:2
BRH:0
end_of_record
TN:
SF:src\features\invitations\services\invitation-service.ts
FN:11,(anonymous_4)
FN:18,(anonymous_5)
FN:27,(anonymous_6)
FN:31,(anonymous_7)
FN:36,(anonymous_8)
FN:41,(anonymous_9)
FN:45,(anonymous_10)
FN:50,(anonymous_11)
FN:68,(anonymous_12)
FNF:9
FNH:0
FNDA:0,(anonymous_4)
FNDA:0,(anonymous_5)
FNDA:0,(anonymous_6)
FNDA:0,(anonymous_7)
FNDA:0,(anonymous_8)
FNDA:0,(anonymous_9)
FNDA:0,(anonymous_10)
FNDA:0,(anonymous_11)
FNDA:0,(anonymous_12)
DA:1,0
DA:11,0
DA:12,0
DA:18,0
DA:19,0
DA:20,0
DA:27,0
DA:28,0
DA:31,0
DA:32,0
DA:33,0
DA:36,0
DA:37,0
DA:38,0
DA:41,0
DA:42,0
DA:45,0
DA:50,0
DA:53,0
DA:59,0
DA:65,0
DA:68,0
DA:69,0
DA:72,0
LF:24
LH:0
BRDA:11,0,0,0
BRF:1
BRH:0
end_of_record
TN:
SF:src\features\lists\hooks\use-collaboration.ts
FN:15,useAutoRefresh
FN:22,(anonymous_4)
FN:27,(anonymous_5)
FN:30,(anonymous_6)
FN:48,useConflictDetection
FN:53,(anonymous_8)
FN:58,(anonymous_9)
FNF:7
FNH:0
FNDA:0,useAutoRefresh
FNDA:0,(anonymous_4)
FNDA:0,(anonymous_5)
FNDA:0,(anonymous_6)
FNDA:0,useConflictDetection
FNDA:0,(anonymous_8)
FNDA:0,(anonymous_9)
DA:1,0
DA:2,0
DA:3,0
DA:15,0
DA:20,0
DA:22,0
DA:23,0
DA:24,0
DA:27,0
DA:28,0
DA:30,0
DA:31,0
DA:35,0
DA:48,0
DA:53,0
DA:54,0
DA:58,0
DA:61,0
DA:64,0
LF:19
LH:0
BRDA:17,0,0,0
BRF:1
BRH:0
end_of_record
TN:
SF:src\features\lists\hooks\use-collaborators.ts
FN:5,(anonymous_4)
FN:8,(anonymous_5)
FN:13,(anonymous_6)
FN:17,(anonymous_7)
FN:19,(anonymous_8)
FN:28,(anonymous_9)
FN:32,(anonymous_10)
FN:34,(anonymous_11)
FNF:8
FNH:0
FNDA:0,(anonymous_4)
FNDA:0,(anonymous_5)
FNDA:0,(anonymous_6)
FNDA:0,(anonymous_7)
FNDA:0,(anonymous_8)
FNDA:0,(anonymous_9)
FNDA:0,(anonymous_10)
FNDA:0,(anonymous_11)
DA:1,0
DA:2,0
DA:5,0
DA:6,0
DA:8,0
DA:13,0
DA:14,0
DA:16,0
DA:18,0
DA:20,0
DA:23,0
DA:28,0
DA:29,0
DA:31,0
DA:33,0
DA:35,0
LF:16
LH:0
BRF:0
BRH:0
end_of_record
TN:
SF:src\features\lists\hooks\use-lists.ts
FN:5,(anonymous_7)
FN:8,(anonymous_8)
FN:15,(anonymous_9)
FN:18,(anonymous_10)
FN:23,(anonymous_11)
FN:27,(anonymous_12)
FN:28,(anonymous_13)
FN:34,(anonymous_14)
FN:38,(anonymous_15)
FN:39,(anonymous_16)
FN:50,(anonymous_17)
FN:54,(anonymous_18)
FN:56,(anonymous_19)
FN:63,(anonymous_20)
FN:66,(anonymous_21)
FNF:15
FNH:0
FNDA:0,(anonymous_7)
FNDA:0,(anonymous_8)
FNDA:0,(anonymous_9)
FNDA:0,(anonymous_10)
FNDA:0,(anonymous_11)
FNDA:0,(anonymous_12)
FNDA:0,(anonymous_13)
FNDA:0,(anonymous_14)
FNDA:0,(anonymous_15)
FNDA:0,(anonymous_16)
FNDA:0,(anonymous_17)
FNDA:0,(anonymous_18)
FNDA:0,(anonymous_19)
FNDA:0,(anonymous_20)
FNDA:0,(anonymous_21)
DA:1,0
DA:2,0
DA:5,0
DA:6,0
DA:8,0
DA:15,0
DA:16,0
DA:18,0
DA:23,0
DA:24,0
DA:26,0
DA:27,0
DA:29,0
DA:34,0
DA:35,0
DA:37,0
DA:38,0
DA:41,0
DA:43,0
DA:45,0
DA:50,0
DA:51,0
DA:53,0
DA:55,0
DA:57,0
DA:58,0
DA:63,0
DA:64,0
DA:66,0
LF:29
LH:0
BRDA:5,0,0,0
BRDA:5,1,0,0
BRF:2
BRH:0
end_of_record
TN:
SF:src\features\lists\hooks\use-permissions.ts
FN:10,(anonymous_7)
FN:14,(anonymous_8)
FN:20,(anonymous_9)
FN:35,(anonymous_10)
FN:43,(anonymous_11)
FN:51,(anonymous_12)
FN:59,(anonymous_13)
FN:67,(anonymous_14)
FN:71,(anonymous_15)
FN:77,(anonymous_16)
FNF:10
FNH:0
FNDA:0,(anonymous_7)
FNDA:0,(anonymous_8)
FNDA:0,(anonymous_9)
FNDA:0,(anonymous_10)
FNDA:0,(anonymous_11)
FNDA:0,(anonymous_12)
FNDA:0,(anonymous_13)
FNDA:0,(anonymous_14)
FNDA:0,(anonymous_15)
FNDA:0,(anonymous_16)
DA:1,0
DA:2,0
DA:3,0
DA:4,0
DA:5,0
DA:10,0
DA:11,0
DA:12,0
DA:14,0
DA:15,0
DA:16,0
DA:19,0
DA:20,0
DA:23,0
DA:25,0
DA:28,0
DA:35,0
DA:36,0
DA:37,0
DA:43,0
DA:44,0
DA:45,0
DA:51,0
DA:52,0
DA:53,0
DA:59,0
DA:60,0
DA:61,0
DA:67,0
DA:68,0
DA:69,0
DA:71,0
DA:72,0
DA:73,0
DA:76,0
DA:77,0
DA:80,0
LF:37
LH:0
BRDA:15,0,0,0
BRDA:15,0,1,0
BRDA:15,1,0,0
BRDA:15,1,1,0
BRDA:23,2,0,0
BRDA:23,2,1,0
BRDA:37,3,0,0
BRDA:37,3,1,0
BRDA:45,4,0,0
BRDA:45,4,1,0
BRDA:53,5,0,0
BRDA:53,5,1,0
BRDA:61,6,0,0
BRDA:61,6,1,0
BRDA:72,7,0,0
BRDA:72,7,1,0
BRDA:72,8,0,0
BRDA:72,8,1,0
BRF:18
BRH:0
end_of_record
TN:
SF:src\features\lists\services\collaborator-service.ts
FN:4,(anonymous_1)
FN:9,(anonymous_2)
FN:13,(anonymous_3)
FNF:3
FNH:0
FNDA:0,(anonymous_1)
FNDA:0,(anonymous_2)
FNDA:0,(anonymous_3)
DA:1,0
DA:4,0
DA:5,0
DA:6,0
DA:9,0
DA:10,0
DA:13,0
DA:14,0
DA:18,0
DA:21,0
LF:10
LH:0
BRF:0
BRH:0
end_of_record
TN:
SF:src\features\lists\services\list-service.ts
FN:12,(anonymous_1)
FN:26,(anonymous_2)
FN:31,(anonymous_3)
FN:36,(anonymous_4)
FN:41,(anonymous_5)
FN:45,(anonymous_6)
FNF:6
FNH:6
FNDA:4,(anonymous_1)
FNDA:3,(anonymous_2)
FNDA:3,(anonymous_3)
FNDA:3,(anonymous_4)
FNDA:3,(anonymous_5)
FNDA:3,(anonymous_6)
DA:1,1
DA:12,1
DA:17,4
DA:23,3
DA:26,1
DA:27,3
DA:28,1
DA:31,1
DA:32,3
DA:33,1
DA:36,1
DA:37,3
DA:38,1
DA:41,1
DA:42,3
DA:45,1
DA:46,3
DA:47,2
DA:50,19
LF:19
LH:19
BRDA:14,0,0,3
BRDA:15,1,0,3
BRF:2
BRH:2
end_of_record
TN:
SF:src\features\notifications\hooks\use-notifications.ts
FN:4,(anonymous_1)
FN:9,(anonymous_2)
FN:14,(anonymous_3)
FN:15,(anonymous_4)
FN:22,(anonymous_5)
FN:23,(anonymous_6)
FN:31,(anonymous_7)
FN:33,(anonymous_8)
FNF:8
FNH:0
FNDA:0,(anonymous_1)
FNDA:0,(anonymous_2)
FNDA:0,(anonymous_3)
FNDA:0,(anonymous_4)
FNDA:0,(anonymous_5)
FNDA:0,(anonymous_6)
FNDA:0,(anonymous_7)
FNDA:0,(anonymous_8)
DA:1,0
DA:2,0
DA:4,0
DA:5,0
DA:7,0
DA:9,0
DA:13,0
DA:14,0
DA:16,0
DA:17,0
DA:21,0
DA:22,0
DA:24,0
DA:25,0
DA:29,0
DA:32,0
DA:33,0
DA:38,0
LF:18
LH:0
BRDA:4,0,0,0
BRDA:4,1,0,0
BRDA:39,2,0,0
BRDA:39,2,1,0
BRDA:45,3,0,0
BRDA:45,3,1,0
BRF:6
BRH:0
end_of_record
TN:
SF:src\features\notifications\services\notification-service.ts
FN:5,(anonymous_1)
FN:12,(anonymous_2)
FN:17,(anonymous_3)
FNF:3
FNH:0
FNDA:0,(anonymous_1)
FNDA:0,(anonymous_2)
FNDA:0,(anonymous_3)
DA:1,0
DA:4,0
DA:6,0
DA:9,0
DA:13,0
DA:14,0
DA:18,0
LF:7
LH:0
BRDA:5,0,0,0
BRDA:5,1,0,0
BRF:2
BRH:0
end_of_record
TN:
SF:src\features\products\hooks\use-products.ts
FN:19,(anonymous_9)
FN:28,(anonymous_10)
FN:43,(anonymous_11)
FN:82,(anonymous_12)
FN:101,(anonymous_13)
FN:104,(anonymous_14)
FN:109,(anonymous_15)
FN:113,(anonymous_16)
FN:115,(anonymous_17)
FN:121,(anonymous_18)
FN:125,(anonymous_19)
FN:127,(anonymous_20)
FN:133,(anonymous_21)
FN:137,(anonymous_22)
FN:138,(anonymous_23)
FN:144,(anonymous_24)
FN:150,(anonymous_25)
FN:162,(anonymous_26)
FN:172,(anonymous_27)
FN:179,(anonymous_28)
FN:184,(anonymous_29)
FN:197,(anonymous_30)
FN:200,(anonymous_31)
FN:207,(anonymous_32)
FN:213,(anonymous_33)
FN:217,(anonymous_34)
FN:219,(anonymous_35)
FN:225,(anonymous_36)
FN:229,(anonymous_37)
FN:231,(anonymous_38)
FN:236,(anonymous_39)
FN:242,(anonymous_40)
FNF:32
FNH:0
FNDA:0,(anonymous_9)
FNDA:0,(anonymous_10)
FNDA:0,(anonymous_11)
FNDA:0,(anonymous_12)
FNDA:0,(anonymous_13)
FNDA:0,(anonymous_14)
FNDA:0,(anonymous_15)
FNDA:0,(anonymous_16)
FNDA:0,(anonymous_17)
FNDA:0,(anonymous_18)
FNDA:0,(anonymous_19)
FNDA:0,(anonymous_20)
FNDA:0,(anonymous_21)
FNDA:0,(anonymous_22)
FNDA:0,(anonymous_23)
FNDA:0,(anonymous_24)
FNDA:0,(anonymous_25)
FNDA:0,(anonymous_26)
FNDA:0,(anonymous_27)
FNDA:0,(anonymous_28)
FNDA:0,(anonymous_29)
FNDA:0,(anonymous_30)
FNDA:0,(anonymous_31)
FNDA:0,(anonymous_32)
FNDA:0,(anonymous_33)
FNDA:0,(anonymous_34)
FNDA:0,(anonymous_35)
FNDA:0,(anonymous_36)
FNDA:0,(anonymous_37)
FNDA:0,(anonymous_38)
FNDA:0,(anonymous_39)
FNDA:0,(anonymous_40)
DA:1,0
DA:2,0
DA:19,0
DA:20,0
DA:21,0
DA:24,0
DA:25,0
DA:28,0
DA:30,0
DA:43,0
DA:46,0
DA:48,0
DA:49,0
DA:52,0
DA:53,0
DA:56,0
DA:57,0
DA:60,0
DA:61,0
DA:64,0
DA:65,0
DA:71,0
DA:72,0
DA:75,0
DA:76,0
DA:79,0
DA:82,0
DA:86,0
DA:101,0
DA:102,0
DA:104,0
DA:109,0
DA:110,0
DA:112,0
DA:114,0
DA:116,0
DA:121,0
DA:122,0
DA:124,0
DA:126,0
DA:128,0
DA:133,0
DA:134,0
DA:136,0
DA:137,0
DA:139,0
DA:144,0
DA:145,0
DA:147,0
DA:158,0
DA:164,0
DA:170,0
DA:171,0
DA:173,0
DA:177,0
DA:180,0
DA:183,0
DA:184,0
DA:185,0
DA:188,0
DA:189,0
DA:191,0
DA:195,0
DA:199,0
DA:200,0
DA:201,0
DA:213,0
DA:214,0
DA:216,0
DA:218,0
DA:220,0
DA:225,0
DA:226,0
DA:228,0
DA:230,0
DA:231,0
DA:237,0
DA:242,0
DA:244,0
LF:79
LH:0
BRDA:20,0,0,0
BRDA:20,0,1,0
BRDA:20,1,0,0
BRDA:20,1,1,0
BRDA:25,2,0,0
BRDA:25,2,1,0
BRDA:36,3,0,0
BRDA:36,3,1,0
BRDA:36,4,0,0
BRDA:36,4,1,0
BRDA:48,5,0,0
BRDA:48,5,1,0
BRDA:52,6,0,0
BRDA:52,6,1,0
BRDA:56,7,0,0
BRDA:56,7,1,0
BRDA:60,8,0,0
BRDA:60,8,1,0
BRDA:64,9,0,0
BRDA:64,9,1,0
BRDA:66,10,0,0
BRDA:66,10,1,0
BRDA:66,11,0,0
BRDA:66,11,1,0
BRDA:71,12,0,0
BRDA:71,12,1,0
BRDA:75,13,0,0
BRDA:75,13,1,0
BRDA:91,14,0,0
BRDA:91,14,1,0
BRDA:93,15,0,0
BRDA:93,15,1,0
BRDA:180,16,0,0
BRDA:180,16,1,0
BRDA:183,17,0,0
BRDA:183,17,1,0
BRDA:183,17,2,0
BRDA:185,18,0,0
BRDA:185,18,1,0
BRDA:188,19,0,0
BRDA:188,19,1,0
BRDA:199,20,0,0
BRDA:199,20,1,0
BRF:43
BRH:0
end_of_record
TN:
SF:src\features\products\services\product-service.ts
FN:17,(anonymous_1)
FN:32,(anonymous_2)
FN:47,(anonymous_3)
FN:60,(anonymous_4)
FN:75,(anonymous_5)
FN:88,(anonymous_6)
FNF:6
FNH:0
FNDA:0,(anonymous_1)
FNDA:0,(anonymous_2)
FNDA:0,(anonymous_3)
FNDA:0,(anonymous_4)
FNDA:0,(anonymous_5)
FNDA:0,(anonymous_6)
DA:1,0
DA:17,0
DA:20,0
DA:22,0
DA:29,0
DA:32,0
DA:36,0
DA:44,0
DA:47,0
DA:52,0
DA:57,0
DA:60,0
DA:65,0
DA:72,0
DA:75,0
DA:80,0
DA:85,0
DA:88,0
DA:92,0
DA:97,0
DA:100,0
LF:21
LH:0
BRF:0
BRH:0
end_of_record
TN:
SF:src\features\stores\hooks\use-stores.ts
FN:5,(anonymous_7)
FN:8,(anonymous_8)
FN:12,(anonymous_9)
FN:15,(anonymous_10)
FN:20,(anonymous_11)
FN:24,(anonymous_12)
FN:30,(anonymous_13)
FN:34,(anonymous_14)
FN:41,(anonymous_15)
FN:45,(anonymous_16)
FN:51,(anonymous_17)
FN:55,(anonymous_18)
FNF:12
FNH:0
FNDA:0,(anonymous_7)
FNDA:0,(anonymous_8)
FNDA:0,(anonymous_9)
FNDA:0,(anonymous_10)
FNDA:0,(anonymous_11)
FNDA:0,(anonymous_12)
FNDA:0,(anonymous_13)
FNDA:0,(anonymous_14)
FNDA:0,(anonymous_15)
FNDA:0,(anonymous_16)
FNDA:0,(anonymous_17)
FNDA:0,(anonymous_18)
DA:1,0
DA:2,0
DA:5,0
DA:6,0
DA:8,0
DA:12,0
DA:13,0
DA:15,0
DA:20,0
DA:21,0
DA:22,0
DA:25,0
DA:30,0
DA:31,0
DA:32,0
DA:35,0
DA:36,0
DA:41,0
DA:42,0
DA:43,0
DA:46,0
DA:51,0
DA:52,0
DA:53,0
DA:56,0
DA:57,0
LF:26
LH:0
BRF:0
BRH:0
end_of_record
TN:
SF:src\features\stores\services\store-service.ts
FN:13,(anonymous_1)
FN:18,(anonymous_2)
FN:23,(anonymous_3)
FN:28,(anonymous_4)
FN:34,(anonymous_5)
FN:38,(anonymous_6)
FN:44,(anonymous_7)
FNF:7
FNH:0
FNDA:0,(anonymous_1)
FNDA:0,(anonymous_2)
FNDA:0,(anonymous_3)
FNDA:0,(anonymous_4)
FNDA:0,(anonymous_5)
FNDA:0,(anonymous_6)
FNDA:0,(anonymous_7)
DA:1,0
DA:13,0
DA:14,0
DA:15,0
DA:18,0
DA:19,0
DA:20,0
DA:23,0
DA:24,0
DA:25,0
DA:28,0
DA:29,0
DA:30,0
DA:31,0
DA:34,0
DA:35,0
DA:38,0
DA:39,0
DA:40,0
DA:41,0
DA:44,0
DA:45,0
DA:46,0
DA:49,0
LF:24
LH:0
BRF:0
BRH:0
end_of_record
TN:
SF:src\lib\security\advanced-security.ts
FN:24,validateInvitationExpiration
FN:75,validateInvitationLimits
FN:112,validateTemporaryLink
FN:162,createAuditLog
FN:184,requiresAudit
FN:212,checkRateLimit
FNF:6
FNH:0
FNDA:0,validateInvitationExpiration
FNDA:0,validateInvitationLimits
FNDA:0,validateTemporaryLink
FNDA:0,createAuditLog
FNDA:0,requiresAudit
FNDA:0,checkRateLimit
DA:6,0
DA:24,0
DA:28,0
DA:29,0
DA:30,0
DA:32,0
DA:33,0
DA:35,0
DA:36,0
DA:38,0
DA:40,0
DA:41,0
DA:42,0
DA:43,0
DA:44,0
DA:45,0
DA:46,0
DA:47,0
DA:49,0
DA:52,0
DA:75,0
DA:79,0
DA:80,0
DA:84,0
DA:85,0
DA:86,0
DA:87,0
DA:90,0
DA:112,0
DA:116,0
DA:117,0
DA:118,0
DA:120,0
DA:121,0
DA:122,0
DA:124,0
DA:126,0
DA:127,0
DA:128,0
DA:129,0
DA:130,0
DA:131,0
DA:132,0
DA:134,0
DA:135,0
DA:138,0
DA:162,0
DA:170,0
DA:184,0
DA:188,0
DA:189,0
DA:191,0
DA:212,0
DA:217,0
DA:218,0
DA:220,0
DA:222,0
DA:224,0
DA:225,0
DA:229,0
DA:236,0
DA:237,0
DA:240,0
DA:241,0
DA:242,0
DA:246,0
DA:254,0
DA:255,0
DA:264,0
DA:269,0
LF:70
LH:0
BRDA:26,0,0,0
BRDA:40,1,0,0
BRDA:40,1,1,0
BRDA:42,2,0,0
BRDA:42,2,1,0
BRDA:44,3,0,0
BRDA:44,3,1,0
BRDA:46,4,0,0
BRDA:46,4,1,0
BRDA:77,5,0,0
BRDA:84,6,0,0
BRDA:84,6,1,0
BRDA:86,7,0,0
BRDA:86,7,1,0
BRDA:114,8,0,0
BRDA:126,9,0,0
BRDA:126,9,1,0
BRDA:128,10,0,0
BRDA:128,10,1,0
BRDA:131,11,0,0
BRDA:131,11,1,0
BRDA:168,12,0,0
BRDA:192,13,0,0
BRDA:192,13,1,0
BRDA:192,13,2,0
BRDA:214,14,0,0
BRDA:215,15,0,0
BRDA:222,16,0,0
BRDA:222,16,1,0
BRDA:240,17,0,0
BRDA:240,17,1,0
BRDA:254,18,0,0
BRDA:254,18,1,0
BRF:33
BRH:0
end_of_record
